<?xml version="1.0" encoding="UTF-8"?>
<testsuite xmlns:xsi="http://www.w3.org/2001/XMLSchema-instance" xsi:noNamespaceSchemaLocation="https://maven.apache.org/surefire/maven-surefire-plugin/xsd/surefire-test-report-3.0.xsd" version="3.0" name="TestSuite" time="14.961" tests="8" errors="0" skipped="0" failures="0">
  <properties>
    <property name="java.specification.version" value="17"/>
    <property name="sun.cpu.isalist" value="amd64"/>
    <property name="sun.jnu.encoding" value="Cp1252"/>
    <property name="java.class.path" value="C:\Users\prakharsrivastava\Desktop\petswagger_api_testing\target\test-classes;C:\Users\prakharsrivastava\Desktop\petswagger_api_testing\target\classes;C:\Users\prakharsrivastava\.m2\repository\org\testng\testng\7.10.1\testng-7.10.1.jar;C:\Users\prakharsrivastava\.m2\repository\org\slf4j\slf4j-api\1.7.36\slf4j-api-1.7.36.jar;C:\Users\prakharsrivastava\.m2\repository\com\beust\jcommander\1.82\jcommander-1.82.jar;C:\Users\prakharsrivastava\.m2\repository\org\webjars\jquery\3.7.1\jquery-3.7.1.jar;C:\Users\prakharsrivastava\.m2\repository\org\seleniumhq\selenium\selenium-java\4.22.0\selenium-java-4.22.0.jar;C:\Users\prakharsrivastava\.m2\repository\org\seleniumhq\selenium\selenium-api\4.22.0\selenium-api-4.22.0.jar;C:\Users\prakharsrivastava\.m2\repository\org\seleniumhq\selenium\selenium-chrome-driver\4.22.0\selenium-chrome-driver-4.22.0.jar;C:\Users\prakharsrivastava\.m2\repository\com\google\auto\service\auto-service-annotations\1.1.1\auto-service-annotations-1.1.1.jar;C:\Users\prakharsrivastava\.m2\repository\org\seleniumhq\selenium\selenium-chromium-driver\4.22.0\selenium-chromium-driver-4.22.0.jar;C:\Users\prakharsrivastava\.m2\repository\org\seleniumhq\selenium\selenium-json\4.22.0\selenium-json-4.22.0.jar;C:\Users\prakharsrivastava\.m2\repository\org\seleniumhq\selenium\selenium-manager\4.22.0\selenium-manager-4.22.0.jar;C:\Users\prakharsrivastava\.m2\repository\org\seleniumhq\selenium\selenium-devtools-v124\4.22.0\selenium-devtools-v124-4.22.0.jar;C:\Users\prakharsrivastava\.m2\repository\org\seleniumhq\selenium\selenium-devtools-v125\4.22.0\selenium-devtools-v125-4.22.0.jar;C:\Users\prakharsrivastava\.m2\repository\org\seleniumhq\selenium\selenium-devtools-v126\4.22.0\selenium-devtools-v126-4.22.0.jar;C:\Users\prakharsrivastava\.m2\repository\org\seleniumhq\selenium\selenium-devtools-v85\4.22.0\selenium-devtools-v85-4.22.0.jar;C:\Users\prakharsrivastava\.m2\repository\org\seleniumhq\selenium\selenium-edge-driver\4.22.0\selenium-edge-driver-4.22.0.jar;C:\Users\prakharsrivastava\.m2\repository\org\seleniumhq\selenium\selenium-firefox-driver\4.22.0\selenium-firefox-driver-4.22.0.jar;C:\Users\prakharsrivastava\.m2\repository\org\seleniumhq\selenium\selenium-http\4.22.0\selenium-http-4.22.0.jar;C:\Users\prakharsrivastava\.m2\repository\dev\failsafe\failsafe\3.3.2\failsafe-3.3.2.jar;C:\Users\prakharsrivastava\.m2\repository\org\seleniumhq\selenium\selenium-ie-driver\4.22.0\selenium-ie-driver-4.22.0.jar;C:\Users\prakharsrivastava\.m2\repository\org\seleniumhq\selenium\selenium-remote-driver\4.22.0\selenium-remote-driver-4.22.0.jar;C:\Users\prakharsrivastava\.m2\repository\com\google\guava\guava\33.2.1-jre\guava-33.2.1-jre.jar;C:\Users\prakharsrivastava\.m2\repository\com\google\guava\failureaccess\1.0.2\failureaccess-1.0.2.jar;C:\Users\prakharsrivastava\.m2\repository\com\google\guava\listenablefuture\9999.0-empty-to-avoid-conflict-with-guava\listenablefuture-9999.0-empty-to-avoid-conflict-with-guava.jar;C:\Users\prakharsrivastava\.m2\repository\org\checkerframework\checker-qual\3.42.0\checker-qual-3.42.0.jar;C:\Users\prakharsrivastava\.m2\repository\com\google\errorprone\error_prone_annotations\2.26.1\error_prone_annotations-2.26.1.jar;C:\Users\prakharsrivastava\.m2\repository\com\google\j2objc\j2objc-annotations\3.0.0\j2objc-annotations-3.0.0.jar;C:\Users\prakharsrivastava\.m2\repository\io\opentelemetry\semconv\opentelemetry-semconv\1.25.0-alpha\opentelemetry-semconv-1.25.0-alpha.jar;C:\Users\prakharsrivastava\.m2\repository\io\opentelemetry\opentelemetry-api\1.39.0\opentelemetry-api-1.39.0.jar;C:\Users\prakharsrivastava\.m2\repository\io\opentelemetry\opentelemetry-context\1.39.0\opentelemetry-context-1.39.0.jar;C:\Users\prakharsrivastava\.m2\repository\io\opentelemetry\opentelemetry-exporter-logging\1.39.0\opentelemetry-exporter-logging-1.39.0.jar;C:\Users\prakharsrivastava\.m2\repository\io\opentelemetry\opentelemetry-sdk-common\1.39.0\opentelemetry-sdk-common-1.39.0.jar;C:\Users\prakharsrivastava\.m2\repository\io\opentelemetry\opentelemetry-sdk-extension-autoconfigure-spi\1.39.0\opentelemetry-sdk-extension-autoconfigure-spi-1.39.0.jar;C:\Users\prakharsrivastava\.m2\repository\io\opentelemetry\opentelemetry-sdk-extension-autoconfigure\1.39.0\opentelemetry-sdk-extension-autoconfigure-1.39.0.jar;C:\Users\prakharsrivastava\.m2\repository\io\opentelemetry\opentelemetry-api-incubator\1.39.0-alpha\opentelemetry-api-incubator-1.39.0-alpha.jar;C:\Users\prakharsrivastava\.m2\repository\io\opentelemetry\opentelemetry-sdk-trace\1.39.0\opentelemetry-sdk-trace-1.39.0.jar;C:\Users\prakharsrivastava\.m2\repository\io\opentelemetry\opentelemetry-sdk\1.39.0\opentelemetry-sdk-1.39.0.jar;C:\Users\prakharsrivastava\.m2\repository\io\opentelemetry\opentelemetry-sdk-metrics\1.39.0\opentelemetry-sdk-metrics-1.39.0.jar;C:\Users\prakharsrivastava\.m2\repository\io\opentelemetry\opentelemetry-sdk-logs\1.39.0\opentelemetry-sdk-logs-1.39.0.jar;C:\Users\prakharsrivastava\.m2\repository\net\bytebuddy\byte-buddy\1.14.17\byte-buddy-1.14.17.jar;C:\Users\prakharsrivastava\.m2\repository\org\seleniumhq\selenium\selenium-os\4.22.0\selenium-os-4.22.0.jar;C:\Users\prakharsrivastava\.m2\repository\org\apache\commons\commons-exec\1.4.0\commons-exec-1.4.0.jar;C:\Users\prakharsrivastava\.m2\repository\org\seleniumhq\selenium\selenium-safari-driver\4.22.0\selenium-safari-driver-4.22.0.jar;C:\Users\prakharsrivastava\.m2\repository\org\seleniumhq\selenium\selenium-support\4.22.0\selenium-support-4.22.0.jar;C:\Users\prakharsrivastava\.m2\repository\org\apache\logging\log4j\log4j-api\2.20.0\log4j-api-2.20.0.jar;C:\Users\prakharsrivastava\.m2\repository\org\apache\logging\log4j\log4j-core\2.20.0\log4j-core-2.20.0.jar;C:\Users\prakharsrivastava\.m2\repository\io\rest-assured\rest-assured\5.5.0\rest-assured-5.5.0.jar;C:\Users\prakharsrivastava\.m2\repository\org\apache\groovy\groovy\4.0.22\groovy-4.0.22.jar;C:\Users\prakharsrivastava\.m2\repository\org\apache\groovy\groovy-xml\4.0.22\groovy-xml-4.0.22.jar;C:\Users\prakharsrivastava\.m2\repository\org\apache\httpcomponents\httpclient\4.5.13\httpclient-4.5.13.jar;C:\Users\prakharsrivastava\.m2\repository\org\apache\httpcomponents\httpcore\4.4.13\httpcore-4.4.13.jar;C:\Users\prakharsrivastava\.m2\repository\commons-logging\commons-logging\1.2\commons-logging-1.2.jar;C:\Users\prakharsrivastava\.m2\repository\commons-codec\commons-codec\1.11\commons-codec-1.11.jar;C:\Users\prakharsrivastava\.m2\repository\org\apache\httpcomponents\httpmime\4.5.13\httpmime-4.5.13.jar;C:\Users\prakharsrivastava\.m2\repository\org\hamcrest\hamcrest\2.2\hamcrest-2.2.jar;C:\Users\prakharsrivastava\.m2\repository\org\ccil\cowan\tagsoup\tagsoup\1.2.1\tagsoup-1.2.1.jar;C:\Users\prakharsrivastava\.m2\repository\io\rest-assured\json-path\5.5.0\json-path-5.5.0.jar;C:\Users\prakharsrivastava\.m2\repository\org\apache\groovy\groovy-json\4.0.22\groovy-json-4.0.22.jar;C:\Users\prakharsrivastava\.m2\repository\io\rest-assured\rest-assured-common\5.5.0\rest-assured-common-5.5.0.jar;C:\Users\prakharsrivastava\.m2\repository\io\rest-assured\xml-path\5.5.0\xml-path-5.5.0.jar;C:\Users\prakharsrivastava\.m2\repository\io\rest-assured\json-schema-validator\5.2.0\json-schema-validator-5.2.0.jar;C:\Users\prakharsrivastava\.m2\repository\com\github\java-json-tools\json-schema-validator\2.2.14\json-schema-validator-2.2.14.jar;C:\Users\prakharsrivastava\.m2\repository\com\github\java-json-tools\jackson-coreutils-equivalence\1.0\jackson-coreutils-equivalence-1.0.jar;C:\Users\prakharsrivastava\.m2\repository\com\github\java-json-tools\jackson-coreutils\2.0\jackson-coreutils-2.0.jar;C:\Users\prakharsrivastava\.m2\repository\com\github\java-json-tools\msg-simple\1.2\msg-simple-1.2.jar;C:\Users\prakharsrivastava\.m2\repository\com\github\java-json-tools\btf\1.3\btf-1.3.jar;C:\Users\prakharsrivastava\.m2\repository\com\github\java-json-tools\json-schema-core\1.2.14\json-schema-core-1.2.14.jar;C:\Users\prakharsrivastava\.m2\repository\com\github\java-json-tools\uri-template\0.10\uri-template-0.10.jar;C:\Users\prakharsrivastava\.m2\repository\org\mozilla\rhino\1.7.7.2\rhino-1.7.7.2.jar;C:\Users\prakharsrivastava\.m2\repository\com\sun\mail\mailapi\1.6.2\mailapi-1.6.2.jar;C:\Users\prakharsrivastava\.m2\repository\joda-time\joda-time\2.10.5\joda-time-2.10.5.jar;C:\Users\prakharsrivastava\.m2\repository\com\googlecode\libphonenumber\libphonenumber\8.11.1\libphonenumber-8.11.1.jar;C:\Users\prakharsrivastava\.m2\repository\net\sf\jopt-simple\jopt-simple\5.0.4\jopt-simple-5.0.4.jar;C:\Users\prakharsrivastava\.m2\repository\com\sun\mail\javax.mail\1.6.2\javax.mail-1.6.2.jar;C:\Users\prakharsrivastava\.m2\repository\javax\activation\activation\1.1\activation-1.1.jar;C:\Users\prakharsrivastava\.m2\repository\javax\mail\mailapi\1.4.3\mailapi-1.4.3.jar;C:\Users\prakharsrivastava\.m2\repository\io\cucumber\cucumber-java\7.4.1\cucumber-java-7.4.1.jar;C:\Users\prakharsrivastava\.m2\repository\io\cucumber\cucumber-core\7.4.1\cucumber-core-7.4.1.jar;C:\Users\prakharsrivastava\.m2\repository\io\cucumber\cucumber-gherkin-messages\7.4.1\cucumber-gherkin-messages-7.4.1.jar;C:\Users\prakharsrivastava\.m2\repository\io\cucumber\gherkin\23.0.1\gherkin-23.0.1.jar;C:\Users\prakharsrivastava\.m2\repository\io\cucumber\messages\18.0.0\messages-18.0.0.jar;C:\Users\prakharsrivastava\.m2\repository\io\cucumber\tag-expressions\4.1.0\tag-expressions-4.1.0.jar;C:\Users\prakharsrivastava\.m2\repository\io\cucumber\cucumber-expressions\16.0.0\cucumber-expressions-16.0.0.jar;C:\Users\prakharsrivastava\.m2\repository\io\cucumber\datatable\7.4.1\datatable-7.4.1.jar;C:\Users\prakharsrivastava\.m2\repository\io\cucumber\cucumber-plugin\7.4.1\cucumber-plugin-7.4.1.jar;C:\Users\prakharsrivastava\.m2\repository\io\cucumber\docstring\7.4.1\docstring-7.4.1.jar;C:\Users\prakharsrivastava\.m2\repository\io\cucumber\html-formatter\19.2.0\html-formatter-19.2.0.jar;C:\Users\prakharsrivastava\.m2\repository\io\cucumber\ci-environment\9.0.4\ci-environment-9.0.4.jar;C:\Users\prakharsrivastava\.m2\repository\org\apiguardian\apiguardian-api\1.1.2\apiguardian-api-1.1.2.jar;C:\Users\prakharsrivastava\.m2\repository\io\cucumber\cucumber-testng\7.4.1\cucumber-testng-7.4.1.jar;C:\Users\prakharsrivastava\.m2\repository\com\aventstack\extentreports\5.1.1\extentreports-5.1.1.jar;C:\Users\prakharsrivastava\.m2\repository\io\reactivex\rxjava3\rxjava\3.1.6\rxjava-3.1.6.jar;C:\Users\prakharsrivastava\.m2\repository\org\reactivestreams\reactive-streams\1.0.4\reactive-streams-1.0.4.jar;C:\Users\prakharsrivastava\.m2\repository\org\freemarker\freemarker\2.3.32\freemarker-2.3.32.jar;C:\Users\prakharsrivastava\.m2\repository\org\projectlombok\lombok\1.18.26\lombok-1.18.26.jar;C:\Users\prakharsrivastava\.m2\repository\com\google\code\gson\gson\2.10.1\gson-2.10.1.jar;C:\Users\prakharsrivastava\.m2\repository\com\github\javafaker\javafaker\1.0.2\javafaker-1.0.2.jar;C:\Users\prakharsrivastava\.m2\repository\org\apache\commons\commons-lang3\3.5\commons-lang3-3.5.jar;C:\Users\prakharsrivastava\.m2\repository\org\yaml\snakeyaml\1.23\snakeyaml-1.23-android.jar;C:\Users\prakharsrivastava\.m2\repository\com\github\mifmif\generex\1.0.2\generex-1.0.2.jar;C:\Users\prakharsrivastava\.m2\repository\dk\brics\automaton\automaton\1.11-8\automaton-1.11-8.jar;C:\Users\prakharsrivastava\.m2\repository\com\fasterxml\jackson\datatype\jackson-datatype-jdk8\2.15.0\jackson-datatype-jdk8-2.15.0.jar;C:\Users\prakharsrivastava\.m2\repository\com\fasterxml\jackson\core\jackson-databind\2.15.0\jackson-databind-2.15.0.jar;C:\Users\prakharsrivastava\.m2\repository\com\fasterxml\jackson\core\jackson-core\2.15.0\jackson-core-2.15.0.jar;C:\Users\prakharsrivastava\.m2\repository\com\fasterxml\jackson\core\jackson-annotations\2.15.0\jackson-annotations-2.15.0.jar;C:\Users\prakharsrivastava\.m2\repository\io\qameta\allure\allure-testng\2.24.0\allure-testng-2.24.0.jar;C:\Users\prakharsrivastava\.m2\repository\io\qameta\allure\allure-java-commons\2.24.0\allure-java-commons-2.24.0.jar;C:\Users\prakharsrivastava\.m2\repository\io\qameta\allure\allure-model\2.24.0\allure-model-2.24.0.jar;C:\Users\prakharsrivastava\.m2\repository\io\qameta\allure\allure-test-filter\2.24.0\allure-test-filter-2.24.0.jar;C:\Users\prakharsrivastava\.m2\repository\io\github\bonigarcia\webdrivermanager\5.9.1\webdrivermanager-5.9.1.jar;C:\Users\prakharsrivastava\.m2\repository\com\github\docker-java\docker-java\3.3.6\docker-java-3.3.6.jar;C:\Users\prakharsrivastava\.m2\repository\com\github\docker-java\docker-java-core\3.3.6\docker-java-core-3.3.6.jar;C:\Users\prakharsrivastava\.m2\repository\com\github\docker-java\docker-java-api\3.3.6\docker-java-api-3.3.6.jar;C:\Users\prakharsrivastava\.m2\repository\org\slf4j\jcl-over-slf4j\1.7.30\jcl-over-slf4j-1.7.30.jar;C:\Users\prakharsrivastava\.m2\repository\com\github\docker-java\docker-java-transport-httpclient5\3.3.6\docker-java-transport-httpclient5-3.3.6.jar;C:\Users\prakharsrivastava\.m2\repository\com\github\docker-java\docker-java-transport\3.3.6\docker-java-transport-3.3.6.jar;C:\Users\prakharsrivastava\.m2\repository\net\java\dev\jna\jna\5.13.0\jna-5.13.0.jar;C:\Users\prakharsrivastava\.m2\repository\org\brotli\dec\0.1.2\dec-0.1.2.jar;C:\Users\prakharsrivastava\.m2\repository\org\apache\commons\commons-compress\1.26.2\commons-compress-1.26.2.jar;C:\Users\prakharsrivastava\.m2\repository\org\apache\httpcomponents\client5\httpclient5\5.2.1\httpclient5-5.2.1.jar;C:\Users\prakharsrivastava\.m2\repository\org\apache\httpcomponents\core5\httpcore5\5.2\httpcore5-5.2.jar;C:\Users\prakharsrivastava\.m2\repository\org\apache\httpcomponents\core5\httpcore5-h2\5.2\httpcore5-h2-5.2.jar;C:\Users\prakharsrivastava\.m2\repository\com\epam\reportportal\agent-java-cucumber6\5.1.2\agent-java-cucumber6-5.1.2.jar;C:\Users\prakharsrivastava\.m2\repository\com\epam\reportportal\client-java\5.1.9\client-java-5.1.9.jar;C:\Users\prakharsrivastava\.m2\repository\io\reactivex\rxjava2\rxjava\2.2.10\rxjava-2.2.10.jar;C:\Users\prakharsrivastava\.m2\repository\com\squareup\retrofit2\retrofit\2.9.0\retrofit-2.9.0.jar;C:\Users\prakharsrivastava\.m2\repository\com\squareup\okhttp3\okhttp\3.14.9\okhttp-3.14.9.jar;C:\Users\prakharsrivastava\.m2\repository\com\squareup\okio\okio\1.17.2\okio-1.17.2.jar;C:\Users\prakharsrivastava\.m2\repository\org\aspectj\aspectjrt\1.9.2\aspectjrt-1.9.2.jar;C:\Users\prakharsrivastava\.m2\repository\com\squareup\retrofit2\converter-scalars\2.9.0\converter-scalars-2.9.0.jar;C:\Users\prakharsrivastava\.m2\repository\com\squareup\retrofit2\converter-jackson\2.9.0\converter-jackson-2.9.0.jar;C:\Users\prakharsrivastava\.m2\repository\com\squareup\retrofit2\adapter-rxjava2\2.9.0\adapter-rxjava2-2.9.0.jar;C:\Users\prakharsrivastava\.m2\repository\com\squareup\okhttp3\logging-interceptor\3.14.9\logging-interceptor-3.14.9.jar;C:\Users\prakharsrivastava\.m2\repository\org\aspectj\aspectjweaver\1.9.2\aspectjweaver-1.9.2.jar;C:\Users\prakharsrivastava\.m2\repository\com\epam\reportportal\commons-model\5.0.0\commons-model-5.0.0.jar;C:\Users\prakharsrivastava\.m2\repository\io\swagger\swagger-annotations\1.5.24\swagger-annotations-1.5.24.jar;C:\Users\prakharsrivastava\.m2\repository\javax\validation\validation-api\2.0.1.Final\validation-api-2.0.1.Final.jar;C:\Users\prakharsrivastava\.m2\repository\com\google\code\findbugs\jsr305\3.0.2\jsr305-3.0.2.jar;C:\Users\prakharsrivastava\.m2\repository\io\cucumber\cucumber-gherkin\7.2.3\cucumber-gherkin-7.2.3.jar;C:\Users\prakharsrivastava\.m2\repository\io\github\cdimascio\dotenv-java\3.1.0\dotenv-java-3.1.0.jar;C:\Users\prakharsrivastava\.m2\repository\ru\yandex\qatools\ashot\ashot\1.5.4\ashot-1.5.4.jar;C:\Users\prakharsrivastava\.m2\repository\commons-io\commons-io\2.5\commons-io-2.5.jar;C:\Users\prakharsrivastava\.m2\repository\org\hamcrest\hamcrest-core\1.3\hamcrest-core-1.3.jar;"/>
    <property name="java.vm.vendor" value="Oracle Corporation"/>
    <property name="sun.arch.data.model" value="64"/>
    <property name="user.variant" value=""/>
    <property name="java.vendor.url" value="https://java.oracle.com/"/>
    <property name="user.timezone" value="Asia/Calcutta"/>
    <property name="os.name" value="Windows 10"/>
    <property name="java.vm.specification.version" value="17"/>
    <property name="sun.java.launcher" value="SUN_STANDARD"/>
    <property name="user.country" value="US"/>
    <property name="sun.boot.library.path" value="C:\Program Files\Java\jdk-17\bin"/>
    <property name="sun.java.command" value="C:\Users\prakharsrivastava\AppData\Local\Temp\surefire16405639679692922239\surefirebooter-20250110184231122_3.jar C:\Users\prakharsrivastava\AppData\Local\Temp\surefire16405639679692922239 2025-01-10T18-42-30_895-jvmRun1 surefire-20250110184231122_1tmp surefire_0-20250110184231122_2tmp"/>
    <property name="jdk.debug" value="release"/>
    <property name="surefire.test.class.path" value="C:\Users\prakharsrivastava\Desktop\petswagger_api_testing\target\test-classes;C:\Users\prakharsrivastava\Desktop\petswagger_api_testing\target\classes;C:\Users\prakharsrivastava\.m2\repository\org\testng\testng\7.10.1\testng-7.10.1.jar;C:\Users\prakharsrivastava\.m2\repository\org\slf4j\slf4j-api\1.7.36\slf4j-api-1.7.36.jar;C:\Users\prakharsrivastava\.m2\repository\com\beust\jcommander\1.82\jcommander-1.82.jar;C:\Users\prakharsrivastava\.m2\repository\org\webjars\jquery\3.7.1\jquery-3.7.1.jar;C:\Users\prakharsrivastava\.m2\repository\org\seleniumhq\selenium\selenium-java\4.22.0\selenium-java-4.22.0.jar;C:\Users\prakharsrivastava\.m2\repository\org\seleniumhq\selenium\selenium-api\4.22.0\selenium-api-4.22.0.jar;C:\Users\prakharsrivastava\.m2\repository\org\seleniumhq\selenium\selenium-chrome-driver\4.22.0\selenium-chrome-driver-4.22.0.jar;C:\Users\prakharsrivastava\.m2\repository\com\google\auto\service\auto-service-annotations\1.1.1\auto-service-annotations-1.1.1.jar;C:\Users\prakharsrivastava\.m2\repository\org\seleniumhq\selenium\selenium-chromium-driver\4.22.0\selenium-chromium-driver-4.22.0.jar;C:\Users\prakharsrivastava\.m2\repository\org\seleniumhq\selenium\selenium-json\4.22.0\selenium-json-4.22.0.jar;C:\Users\prakharsrivastava\.m2\repository\org\seleniumhq\selenium\selenium-manager\4.22.0\selenium-manager-4.22.0.jar;C:\Users\prakharsrivastava\.m2\repository\org\seleniumhq\selenium\selenium-devtools-v124\4.22.0\selenium-devtools-v124-4.22.0.jar;C:\Users\prakharsrivastava\.m2\repository\org\seleniumhq\selenium\selenium-devtools-v125\4.22.0\selenium-devtools-v125-4.22.0.jar;C:\Users\prakharsrivastava\.m2\repository\org\seleniumhq\selenium\selenium-devtools-v126\4.22.0\selenium-devtools-v126-4.22.0.jar;C:\Users\prakharsrivastava\.m2\repository\org\seleniumhq\selenium\selenium-devtools-v85\4.22.0\selenium-devtools-v85-4.22.0.jar;C:\Users\prakharsrivastava\.m2\repository\org\seleniumhq\selenium\selenium-edge-driver\4.22.0\selenium-edge-driver-4.22.0.jar;C:\Users\prakharsrivastava\.m2\repository\org\seleniumhq\selenium\selenium-firefox-driver\4.22.0\selenium-firefox-driver-4.22.0.jar;C:\Users\prakharsrivastava\.m2\repository\org\seleniumhq\selenium\selenium-http\4.22.0\selenium-http-4.22.0.jar;C:\Users\prakharsrivastava\.m2\repository\dev\failsafe\failsafe\3.3.2\failsafe-3.3.2.jar;C:\Users\prakharsrivastava\.m2\repository\org\seleniumhq\selenium\selenium-ie-driver\4.22.0\selenium-ie-driver-4.22.0.jar;C:\Users\prakharsrivastava\.m2\repository\org\seleniumhq\selenium\selenium-remote-driver\4.22.0\selenium-remote-driver-4.22.0.jar;C:\Users\prakharsrivastava\.m2\repository\com\google\guava\guava\33.2.1-jre\guava-33.2.1-jre.jar;C:\Users\prakharsrivastava\.m2\repository\com\google\guava\failureaccess\1.0.2\failureaccess-1.0.2.jar;C:\Users\prakharsrivastava\.m2\repository\com\google\guava\listenablefuture\9999.0-empty-to-avoid-conflict-with-guava\listenablefuture-9999.0-empty-to-avoid-conflict-with-guava.jar;C:\Users\prakharsrivastava\.m2\repository\org\checkerframework\checker-qual\3.42.0\checker-qual-3.42.0.jar;C:\Users\prakharsrivastava\.m2\repository\com\google\errorprone\error_prone_annotations\2.26.1\error_prone_annotations-2.26.1.jar;C:\Users\prakharsrivastava\.m2\repository\com\google\j2objc\j2objc-annotations\3.0.0\j2objc-annotations-3.0.0.jar;C:\Users\prakharsrivastava\.m2\repository\io\opentelemetry\semconv\opentelemetry-semconv\1.25.0-alpha\opentelemetry-semconv-1.25.0-alpha.jar;C:\Users\prakharsrivastava\.m2\repository\io\opentelemetry\opentelemetry-api\1.39.0\opentelemetry-api-1.39.0.jar;C:\Users\prakharsrivastava\.m2\repository\io\opentelemetry\opentelemetry-context\1.39.0\opentelemetry-context-1.39.0.jar;C:\Users\prakharsrivastava\.m2\repository\io\opentelemetry\opentelemetry-exporter-logging\1.39.0\opentelemetry-exporter-logging-1.39.0.jar;C:\Users\prakharsrivastava\.m2\repository\io\opentelemetry\opentelemetry-sdk-common\1.39.0\opentelemetry-sdk-common-1.39.0.jar;C:\Users\prakharsrivastava\.m2\repository\io\opentelemetry\opentelemetry-sdk-extension-autoconfigure-spi\1.39.0\opentelemetry-sdk-extension-autoconfigure-spi-1.39.0.jar;C:\Users\prakharsrivastava\.m2\repository\io\opentelemetry\opentelemetry-sdk-extension-autoconfigure\1.39.0\opentelemetry-sdk-extension-autoconfigure-1.39.0.jar;C:\Users\prakharsrivastava\.m2\repository\io\opentelemetry\opentelemetry-api-incubator\1.39.0-alpha\opentelemetry-api-incubator-1.39.0-alpha.jar;C:\Users\prakharsrivastava\.m2\repository\io\opentelemetry\opentelemetry-sdk-trace\1.39.0\opentelemetry-sdk-trace-1.39.0.jar;C:\Users\prakharsrivastava\.m2\repository\io\opentelemetry\opentelemetry-sdk\1.39.0\opentelemetry-sdk-1.39.0.jar;C:\Users\prakharsrivastava\.m2\repository\io\opentelemetry\opentelemetry-sdk-metrics\1.39.0\opentelemetry-sdk-metrics-1.39.0.jar;C:\Users\prakharsrivastava\.m2\repository\io\opentelemetry\opentelemetry-sdk-logs\1.39.0\opentelemetry-sdk-logs-1.39.0.jar;C:\Users\prakharsrivastava\.m2\repository\net\bytebuddy\byte-buddy\1.14.17\byte-buddy-1.14.17.jar;C:\Users\prakharsrivastava\.m2\repository\org\seleniumhq\selenium\selenium-os\4.22.0\selenium-os-4.22.0.jar;C:\Users\prakharsrivastava\.m2\repository\org\apache\commons\commons-exec\1.4.0\commons-exec-1.4.0.jar;C:\Users\prakharsrivastava\.m2\repository\org\seleniumhq\selenium\selenium-safari-driver\4.22.0\selenium-safari-driver-4.22.0.jar;C:\Users\prakharsrivastava\.m2\repository\org\seleniumhq\selenium\selenium-support\4.22.0\selenium-support-4.22.0.jar;C:\Users\prakharsrivastava\.m2\repository\org\apache\logging\log4j\log4j-api\2.20.0\log4j-api-2.20.0.jar;C:\Users\prakharsrivastava\.m2\repository\org\apache\logging\log4j\log4j-core\2.20.0\log4j-core-2.20.0.jar;C:\Users\prakharsrivastava\.m2\repository\io\rest-assured\rest-assured\5.5.0\rest-assured-5.5.0.jar;C:\Users\prakharsrivastava\.m2\repository\org\apache\groovy\groovy\4.0.22\groovy-4.0.22.jar;C:\Users\prakharsrivastava\.m2\repository\org\apache\groovy\groovy-xml\4.0.22\groovy-xml-4.0.22.jar;C:\Users\prakharsrivastava\.m2\repository\org\apache\httpcomponents\httpclient\4.5.13\httpclient-4.5.13.jar;C:\Users\prakharsrivastava\.m2\repository\org\apache\httpcomponents\httpcore\4.4.13\httpcore-4.4.13.jar;C:\Users\prakharsrivastava\.m2\repository\commons-logging\commons-logging\1.2\commons-logging-1.2.jar;C:\Users\prakharsrivastava\.m2\repository\commons-codec\commons-codec\1.11\commons-codec-1.11.jar;C:\Users\prakharsrivastava\.m2\repository\org\apache\httpcomponents\httpmime\4.5.13\httpmime-4.5.13.jar;C:\Users\prakharsrivastava\.m2\repository\org\hamcrest\hamcrest\2.2\hamcrest-2.2.jar;C:\Users\prakharsrivastava\.m2\repository\org\ccil\cowan\tagsoup\tagsoup\1.2.1\tagsoup-1.2.1.jar;C:\Users\prakharsrivastava\.m2\repository\io\rest-assured\json-path\5.5.0\json-path-5.5.0.jar;C:\Users\prakharsrivastava\.m2\repository\org\apache\groovy\groovy-json\4.0.22\groovy-json-4.0.22.jar;C:\Users\prakharsrivastava\.m2\repository\io\rest-assured\rest-assured-common\5.5.0\rest-assured-common-5.5.0.jar;C:\Users\prakharsrivastava\.m2\repository\io\rest-assured\xml-path\5.5.0\xml-path-5.5.0.jar;C:\Users\prakharsrivastava\.m2\repository\io\rest-assured\json-schema-validator\5.2.0\json-schema-validator-5.2.0.jar;C:\Users\prakharsrivastava\.m2\repository\com\github\java-json-tools\json-schema-validator\2.2.14\json-schema-validator-2.2.14.jar;C:\Users\prakharsrivastava\.m2\repository\com\github\java-json-tools\jackson-coreutils-equivalence\1.0\jackson-coreutils-equivalence-1.0.jar;C:\Users\prakharsrivastava\.m2\repository\com\github\java-json-tools\jackson-coreutils\2.0\jackson-coreutils-2.0.jar;C:\Users\prakharsrivastava\.m2\repository\com\github\java-json-tools\msg-simple\1.2\msg-simple-1.2.jar;C:\Users\prakharsrivastava\.m2\repository\com\github\java-json-tools\btf\1.3\btf-1.3.jar;C:\Users\prakharsrivastava\.m2\repository\com\github\java-json-tools\json-schema-core\1.2.14\json-schema-core-1.2.14.jar;C:\Users\prakharsrivastava\.m2\repository\com\github\java-json-tools\uri-template\0.10\uri-template-0.10.jar;C:\Users\prakharsrivastava\.m2\repository\org\mozilla\rhino\1.7.7.2\rhino-1.7.7.2.jar;C:\Users\prakharsrivastava\.m2\repository\com\sun\mail\mailapi\1.6.2\mailapi-1.6.2.jar;C:\Users\prakharsrivastava\.m2\repository\joda-time\joda-time\2.10.5\joda-time-2.10.5.jar;C:\Users\prakharsrivastava\.m2\repository\com\googlecode\libphonenumber\libphonenumber\8.11.1\libphonenumber-8.11.1.jar;C:\Users\prakharsrivastava\.m2\repository\net\sf\jopt-simple\jopt-simple\5.0.4\jopt-simple-5.0.4.jar;C:\Users\prakharsrivastava\.m2\repository\com\sun\mail\javax.mail\1.6.2\javax.mail-1.6.2.jar;C:\Users\prakharsrivastava\.m2\repository\javax\activation\activation\1.1\activation-1.1.jar;C:\Users\prakharsrivastava\.m2\repository\javax\mail\mailapi\1.4.3\mailapi-1.4.3.jar;C:\Users\prakharsrivastava\.m2\repository\io\cucumber\cucumber-java\7.4.1\cucumber-java-7.4.1.jar;C:\Users\prakharsrivastava\.m2\repository\io\cucumber\cucumber-core\7.4.1\cucumber-core-7.4.1.jar;C:\Users\prakharsrivastava\.m2\repository\io\cucumber\cucumber-gherkin-messages\7.4.1\cucumber-gherkin-messages-7.4.1.jar;C:\Users\prakharsrivastava\.m2\repository\io\cucumber\gherkin\23.0.1\gherkin-23.0.1.jar;C:\Users\prakharsrivastava\.m2\repository\io\cucumber\messages\18.0.0\messages-18.0.0.jar;C:\Users\prakharsrivastava\.m2\repository\io\cucumber\tag-expressions\4.1.0\tag-expressions-4.1.0.jar;C:\Users\prakharsrivastava\.m2\repository\io\cucumber\cucumber-expressions\16.0.0\cucumber-expressions-16.0.0.jar;C:\Users\prakharsrivastava\.m2\repository\io\cucumber\datatable\7.4.1\datatable-7.4.1.jar;C:\Users\prakharsrivastava\.m2\repository\io\cucumber\cucumber-plugin\7.4.1\cucumber-plugin-7.4.1.jar;C:\Users\prakharsrivastava\.m2\repository\io\cucumber\docstring\7.4.1\docstring-7.4.1.jar;C:\Users\prakharsrivastava\.m2\repository\io\cucumber\html-formatter\19.2.0\html-formatter-19.2.0.jar;C:\Users\prakharsrivastava\.m2\repository\io\cucumber\ci-environment\9.0.4\ci-environment-9.0.4.jar;C:\Users\prakharsrivastava\.m2\repository\org\apiguardian\apiguardian-api\1.1.2\apiguardian-api-1.1.2.jar;C:\Users\prakharsrivastava\.m2\repository\io\cucumber\cucumber-testng\7.4.1\cucumber-testng-7.4.1.jar;C:\Users\prakharsrivastava\.m2\repository\com\aventstack\extentreports\5.1.1\extentreports-5.1.1.jar;C:\Users\prakharsrivastava\.m2\repository\io\reactivex\rxjava3\rxjava\3.1.6\rxjava-3.1.6.jar;C:\Users\prakharsrivastava\.m2\repository\org\reactivestreams\reactive-streams\1.0.4\reactive-streams-1.0.4.jar;C:\Users\prakharsrivastava\.m2\repository\org\freemarker\freemarker\2.3.32\freemarker-2.3.32.jar;C:\Users\prakharsrivastava\.m2\repository\org\projectlombok\lombok\1.18.26\lombok-1.18.26.jar;C:\Users\prakharsrivastava\.m2\repository\com\google\code\gson\gson\2.10.1\gson-2.10.1.jar;C:\Users\prakharsrivastava\.m2\repository\com\github\javafaker\javafaker\1.0.2\javafaker-1.0.2.jar;C:\Users\prakharsrivastava\.m2\repository\org\apache\commons\commons-lang3\3.5\commons-lang3-3.5.jar;C:\Users\prakharsrivastava\.m2\repository\org\yaml\snakeyaml\1.23\snakeyaml-1.23-android.jar;C:\Users\prakharsrivastava\.m2\repository\com\github\mifmif\generex\1.0.2\generex-1.0.2.jar;C:\Users\prakharsrivastava\.m2\repository\dk\brics\automaton\automaton\1.11-8\automaton-1.11-8.jar;C:\Users\prakharsrivastava\.m2\repository\com\fasterxml\jackson\datatype\jackson-datatype-jdk8\2.15.0\jackson-datatype-jdk8-2.15.0.jar;C:\Users\prakharsrivastava\.m2\repository\com\fasterxml\jackson\core\jackson-databind\2.15.0\jackson-databind-2.15.0.jar;C:\Users\prakharsrivastava\.m2\repository\com\fasterxml\jackson\core\jackson-core\2.15.0\jackson-core-2.15.0.jar;C:\Users\prakharsrivastava\.m2\repository\com\fasterxml\jackson\core\jackson-annotations\2.15.0\jackson-annotations-2.15.0.jar;C:\Users\prakharsrivastava\.m2\repository\io\qameta\allure\allure-testng\2.24.0\allure-testng-2.24.0.jar;C:\Users\prakharsrivastava\.m2\repository\io\qameta\allure\allure-java-commons\2.24.0\allure-java-commons-2.24.0.jar;C:\Users\prakharsrivastava\.m2\repository\io\qameta\allure\allure-model\2.24.0\allure-model-2.24.0.jar;C:\Users\prakharsrivastava\.m2\repository\io\qameta\allure\allure-test-filter\2.24.0\allure-test-filter-2.24.0.jar;C:\Users\prakharsrivastava\.m2\repository\io\github\bonigarcia\webdrivermanager\5.9.1\webdrivermanager-5.9.1.jar;C:\Users\prakharsrivastava\.m2\repository\com\github\docker-java\docker-java\3.3.6\docker-java-3.3.6.jar;C:\Users\prakharsrivastava\.m2\repository\com\github\docker-java\docker-java-core\3.3.6\docker-java-core-3.3.6.jar;C:\Users\prakharsrivastava\.m2\repository\com\github\docker-java\docker-java-api\3.3.6\docker-java-api-3.3.6.jar;C:\Users\prakharsrivastava\.m2\repository\org\slf4j\jcl-over-slf4j\1.7.30\jcl-over-slf4j-1.7.30.jar;C:\Users\prakharsrivastava\.m2\repository\com\github\docker-java\docker-java-transport-httpclient5\3.3.6\docker-java-transport-httpclient5-3.3.6.jar;C:\Users\prakharsrivastava\.m2\repository\com\github\docker-java\docker-java-transport\3.3.6\docker-java-transport-3.3.6.jar;C:\Users\prakharsrivastava\.m2\repository\net\java\dev\jna\jna\5.13.0\jna-5.13.0.jar;C:\Users\prakharsrivastava\.m2\repository\org\brotli\dec\0.1.2\dec-0.1.2.jar;C:\Users\prakharsrivastava\.m2\repository\org\apache\commons\commons-compress\1.26.2\commons-compress-1.26.2.jar;C:\Users\prakharsrivastava\.m2\repository\org\apache\httpcomponents\client5\httpclient5\5.2.1\httpclient5-5.2.1.jar;C:\Users\prakharsrivastava\.m2\repository\org\apache\httpcomponents\core5\httpcore5\5.2\httpcore5-5.2.jar;C:\Users\prakharsrivastava\.m2\repository\org\apache\httpcomponents\core5\httpcore5-h2\5.2\httpcore5-h2-5.2.jar;C:\Users\prakharsrivastava\.m2\repository\com\epam\reportportal\agent-java-cucumber6\5.1.2\agent-java-cucumber6-5.1.2.jar;C:\Users\prakharsrivastava\.m2\repository\com\epam\reportportal\client-java\5.1.9\client-java-5.1.9.jar;C:\Users\prakharsrivastava\.m2\repository\io\reactivex\rxjava2\rxjava\2.2.10\rxjava-2.2.10.jar;C:\Users\prakharsrivastava\.m2\repository\com\squareup\retrofit2\retrofit\2.9.0\retrofit-2.9.0.jar;C:\Users\prakharsrivastava\.m2\repository\com\squareup\okhttp3\okhttp\3.14.9\okhttp-3.14.9.jar;C:\Users\prakharsrivastava\.m2\repository\com\squareup\okio\okio\1.17.2\okio-1.17.2.jar;C:\Users\prakharsrivastava\.m2\repository\org\aspectj\aspectjrt\1.9.2\aspectjrt-1.9.2.jar;C:\Users\prakharsrivastava\.m2\repository\com\squareup\retrofit2\converter-scalars\2.9.0\converter-scalars-2.9.0.jar;C:\Users\prakharsrivastava\.m2\repository\com\squareup\retrofit2\converter-jackson\2.9.0\converter-jackson-2.9.0.jar;C:\Users\prakharsrivastava\.m2\repository\com\squareup\retrofit2\adapter-rxjava2\2.9.0\adapter-rxjava2-2.9.0.jar;C:\Users\prakharsrivastava\.m2\repository\com\squareup\okhttp3\logging-interceptor\3.14.9\logging-interceptor-3.14.9.jar;C:\Users\prakharsrivastava\.m2\repository\org\aspectj\aspectjweaver\1.9.2\aspectjweaver-1.9.2.jar;C:\Users\prakharsrivastava\.m2\repository\com\epam\reportportal\commons-model\5.0.0\commons-model-5.0.0.jar;C:\Users\prakharsrivastava\.m2\repository\io\swagger\swagger-annotations\1.5.24\swagger-annotations-1.5.24.jar;C:\Users\prakharsrivastava\.m2\repository\javax\validation\validation-api\2.0.1.Final\validation-api-2.0.1.Final.jar;C:\Users\prakharsrivastava\.m2\repository\com\google\code\findbugs\jsr305\3.0.2\jsr305-3.0.2.jar;C:\Users\prakharsrivastava\.m2\repository\io\cucumber\cucumber-gherkin\7.2.3\cucumber-gherkin-7.2.3.jar;C:\Users\prakharsrivastava\.m2\repository\io\github\cdimascio\dotenv-java\3.1.0\dotenv-java-3.1.0.jar;C:\Users\prakharsrivastava\.m2\repository\ru\yandex\qatools\ashot\ashot\1.5.4\ashot-1.5.4.jar;C:\Users\prakharsrivastava\.m2\repository\commons-io\commons-io\2.5\commons-io-2.5.jar;C:\Users\prakharsrivastava\.m2\repository\org\hamcrest\hamcrest-core\1.3\hamcrest-core-1.3.jar;"/>
    <property name="sun.cpu.endian" value="little"/>
    <property name="user.home" value="C:\Users\prakharsrivastava"/>
    <property name="user.language" value="en"/>
    <property name="java.specification.vendor" value="Oracle Corporation"/>
    <property name="java.version.date" value="2023-10-17"/>
    <property name="java.home" value="C:\Program Files\Java\jdk-17"/>
    <property name="file.separator" value="\"/>
    <property name="basedir" value="C:\Users\prakharsrivastava\Desktop\petswagger_api_testing"/>
    <property name="java.vm.compressedOopsMode" value="Zero based"/>
    <property name="line.separator" value="&#10;"/>
    <property name="java.vm.specification.vendor" value="Oracle Corporation"/>
    <property name="java.specification.name" value="Java Platform API Specification"/>
    <property name="surefire.real.class.path" value="C:\Users\prakharsrivastava\AppData\Local\Temp\surefire16405639679692922239\surefirebooter-20250110184231122_3.jar"/>
    <property name="user.script" value=""/>
    <property name="sun.management.compiler" value="HotSpot 64-Bit Tiered Compilers"/>
    <property name="java.runtime.version" value="17.0.9+11-LTS-201"/>
    <property name="user.name" value="prakharsrivastava"/>
    <property name="path.separator" value=";"/>
    <property name="os.version" value="10.0"/>
    <property name="java.runtime.name" value="Java(TM) SE Runtime Environment"/>
    <property name="file.encoding" value="Cp1252"/>
    <property name="java.vm.name" value="Java HotSpot(TM) 64-Bit Server VM"/>
    <property name="localRepository" value="C:\Users\prakharsrivastava\.m2\repository"/>
    <property name="java.vendor.url.bug" value="https://bugreport.java.com/bugreport/"/>
    <property name="java.io.tmpdir" value="C:\Users\PRAKHA~1\AppData\Local\Temp\"/>
    <property name="java.version" value="17.0.9"/>
    <property name="user.dir" value="C:\Users\prakharsrivastava\Desktop\petswagger_api_testing"/>
    <property name="os.arch" value="amd64"/>
    <property name="java.vm.specification.name" value="Java Virtual Machine Specification"/>
    <property name="sun.os.patch.level" value=""/>
    <property name="native.encoding" value="Cp1252"/>
    <property name="java.library.path" value="C:\Program Files\Java\jdk-17\bin;C:\Windows\Sun\Java\bin;C:\Windows\system32;C:\Windows;C:\Program Files\Common Files\Oracle\Java\javapath;C:\Windows\system32;C:\Windows;C:\Windows\System32\Wbem;C:\Windows\System32\WindowsPowerShell\v1.0\;C:\Windows\System32\OpenSSH\;C:\Program Files\apache-maven-3.9.6\bin;C:\ProgramData\chocolatey\bin;C:\Program Files\dotnet\;C:\Softwares\Node\;C:\Users\prakharsrivastava\AppData\Local\Android/Sdk\Sdk;C:\Program Files\Docker\Docker\resources\bin;C:\Softwares;C:\Users\prakharsrivastava\AppData\Local\Android\Sdk\emulator;C:\Softwares\allure-2.32.0\allure-2.32.0\bin;C:\Users\prakharsrivastava\AppData\Local\Microsoft\WindowsApps;C:\Users\prakharsrivastava\AppData\Local\Programs\Git\cmd;C:\Users\prakharsrivastava\AppData\Roaming\npm;C:\Users\prakharsrivastava\AppData\Local\Google\Cloud SDK\google-cloud-sdk\bin;C:\Users\prakharsrivastava\AppData\Local\Programs\Microsoft VS Code\bin;."/>
    <property name="java.vm.info" value="mixed mode, sharing"/>
    <property name="java.vendor" value="Oracle Corporation"/>
    <property name="java.vm.version" value="17.0.9+11-LTS-201"/>
    <property name="sun.io.unicode.encoding" value="UnicodeLittle"/>
    <property name="java.class.version" value="61.0"/>
  </properties>
  <testcase name="add_pet" classname="api_test.CreatePet" time="3.545">
    <system-out><![CDATA[2025-01-10 18:42:33 [main] INFO  api_test.CreatePet - ************************* Petstore Swagger --[CREATEPET.JAVA]-- API TEST STARTED ************************
2025-01-10 18:42:33 [main] INFO  api_test.CreatePet - ************************* [CREATE] TEST CASE 1 STARTED ************************
2025-01-10 18:42:36 [main] INFO  api_test.CreatePet - Status Code=200 - Success
2025-01-10 18:42:36 [main] INFO  api_test.CreatePet - ************************* [CREATE] TEST CASE 1 COMPLETED ************************
]]></system-out>
    <system-err><![CDATA[SLF4J: Failed to load class "org.slf4j.impl.StaticLoggerBinder".
SLF4J: Defaulting to no-operation (NOP) logger implementation
SLF4J: See http://www.slf4j.org/codes.html#StaticLoggerBinder for further details.
]]></system-err>
  </testcase>
  <testcase name="add_pet_InvalidID" classname="api_test.CreatePet" time="1.95">
    <system-out><![CDATA[2025-01-10 18:42:36 [main] INFO  api_test.CreatePet - ************************* [CREATE] TEST CASE 2 STARTED ************************
2025-01-10 18:42:38 [main] INFO  api_test.CreatePet - Status Code=500 - something bad happened
2025-01-10 18:42:38 [main] INFO  api_test.CreatePet - ************************* [CREATE] TEST CASE 2 COMPLETED ************************
]]></system-out>
  </testcase>
  <testcase name="add_pet_InvalidPhotoURL" classname="api_test.CreatePet" time="1.154">
    <system-out><![CDATA[2025-01-10 18:42:38 [main] INFO  api_test.CreatePet - ************************* [CREATE] TEST CASE 3 STARTED ************************
2025-01-10 18:42:39 [main] INFO  api_test.CreatePet - Status Code=500 - something bad happened
2025-01-10 18:42:39 [main] INFO  api_test.CreatePet - ************************* [CREATE] TEST CASE 3 COMPLETED ************************
]]></system-out>
  </testcase>
  <testcase name="validUploadFile" classname="api_test.UploadFile" time="1.506">
    <system-out><![CDATA[2025-01-10 18:42:39 [main] INFO  api_test.UploadFile - ************************* Petstore Swagger -- [UploadFile.JAVA] -- API TEST STARTED ************************
2025-01-10 18:42:39 [main] INFO  api_test.UploadFile - ************************* [Upload File] TESTCASE 1 STARTED ************************
2025-01-10 18:42:41 [main] INFO  api_test.UploadFile - ************************* [Upload File] TESTCASE 1 COMPLETED ************************
]]></system-out>
  </testcase>
  <testcase name="find_pet_by_id_also_validate_statusCode" classname="api_test.PetTest" time="1.126">
    <system-out><![CDATA[2025-01-10 18:42:41 [main] INFO  api_test.PetTest - ************************* Petstore Swagger --[PETTEST.JAVA] -- API TEST STARTED ************************
2025-01-10 18:42:41 [main] INFO  api_test.PetTest - ************************* TESTCASE 1 STARTED ************************
HTTP/1.1 200 OK
Date: Fri, 10 Jan 2025 13:12:41 GMT
Content-Type: application/json
Transfer-Encoding: chunked
Connection: keep-alive
Access-Control-Allow-Origin: *
Access-Control-Allow-Methods: GET, POST, DELETE, PUT
Access-Control-Allow-Headers: Content-Type, api_key, Authorization
Server: Jetty(9.2.9.v20150224)

{
    "id": 10,
    "category": {
        "id": 10,
        "name": "string"
    },
    "name": "doggie",
    "photoUrls": [
        "string"
    ],
    "tags": [
        {
            "id": 10,
            "name": "string"
        }
    ],
    "status": "available"
}
2025-01-10 18:42:42 [main] INFO  api_test.PetTest - Status Code=200 - Success
2025-01-10 18:42:42 [main] INFO  api_test.PetTest - ************************* TESTCASE 1 COMPLETED ************************
]]></system-out>
  </testcase>
  <testcase name="find_pet_by_id_ando_validate_jsonResponse" classname="api_test.PetTest" time="1.317">
    <system-out><![CDATA[2025-01-10 18:42:42 [main] INFO  api_test.PetTest - ************************* TESTCASE 2 STARTED ************************
2025-01-10 18:42:43 [main] INFO  api_test.PetTest - ************************* TESTCASE 2 COMPLETED ************************
]]></system-out>
  </testcase>
  <testcase name="find_pet_by_id_and_validate_jsonSchema" classname="api_test.PetTest" time="1.412">
    <system-out><![CDATA[2025-01-10 18:42:43 [main] INFO  api_test.PetTest - ************************* TESTCASE 3 STARTED ************************
2025-01-10 18:42:45 [main] INFO  api_test.PetTest - ************************* TESTCASE 3 COMPLETED ************************
]]></system-out>
  </testcase>
  <testcase name="deletePet" classname="api_test.DeletePet" time="1.185">
    <system-out><![CDATA[2025-01-10 18:42:45 [main] INFO  api_test.DeletePet - ************************* Petstore Swagger --[DELETEPET.JAVA]-- API TEST STARTED ************************
2025-01-10 18:42:45 [main] INFO  api_test.DeletePet - ************************* [DELETE] TEST CASE 1 STARTED ************************
2025-01-10 18:42:46 [main] INFO  api_test.DeletePet - ************************* [DELETE] TEST CASE 1 COMPLETED ************************
]]></system-out>
  </testcase>
</testsuite>