<?xml version="1.0" encoding="UTF-8"?>
<!-- Generated by org.testng.reporters.JUnitReportReporter -->
<testsuite hostname="DESKTOP-5JNDLAG" failures="0" tests="3" name="api_test.PetTest" time="4.242" errors="0" timestamp="2025-01-13T15:58:16 IST" skipped="0">
  <testcase classname="api_test.PetTest" name="find_pet_by_id_also_validate_statusCode" time="1.142"/>
  <testcase classname="api_test.PetTest" name="find_pet_by_id_ando_validate_jsonResponse" time="1.280"/>
  <testcase classname="api_test.PetTest" name="find_pet_by_id_and_validate_jsonSchema" time="1.820"/>
</testsuite> <!-- api_test.PetTest -->
