<?xml version="1.0" encoding="UTF-8"?>
<!-- Generated by org.testng.reporters.JUnitReportReporter -->
<testsuite hostname="DESKTOP-5JNDLAG" failures="0" tests="1" name="api_test.UploadFile" time="1.506" errors="0" timestamp="2025-01-10T18:42:46 IST" skipped="0">
  <testcase classname="api_test.UploadFile" name="validUploadFile" time="1.506"/>
</testsuite> <!-- api_test.UploadFile -->
