<?xml version="1.0" encoding="UTF-8"?>
<!-- Generated by org.testng.reporters.JUnitReportReporter -->
<testsuite hostname="DESKTOP-5JNDLAG" failures="0" tests="3" name="api_test.PetTest" time="5.905" errors="0" timestamp="2025-01-09T13:54:26 IST" skipped="0">
  <testcase classname="api_test.PetTest" name="find_pet_by_id_also_validate_statusCode" time="2.895"/>
  <testcase classname="api_test.PetTest" name="find_pet_by_id_ando_validate_jsonResponse" time="1.264"/>
  <testcase classname="api_test.PetTest" name="find_pet_by_id_and_validate_jsonSchema" time="1.746"/>
</testsuite> <!-- api_test.PetTest -->
