<?xml version="1.0" encoding="UTF-8"?>
<!-- Generated by org.testng.reporters.JUnitReportReporter -->
<testsuite hostname="DESKTOP-5JNDLAG" failures="0" tests="3" name="api_test.CreatePet" time="9.515" errors="0" timestamp="2025-01-13T15:58:16 IST" skipped="0">
  <testcase classname="api_test.CreatePet" name="add_pet" time="3.388"/>
  <testcase classname="api_test.CreatePet" name="add_pet_InvalidID" time="1.960"/>
  <testcase classname="api_test.CreatePet" name="add_pet_InvalidPhotoURL" time="4.167"/>
</testsuite> <!-- api_test.CreatePet -->
