<?xml version="1.0" encoding="UTF-8"?>
<!-- Generated by org.testng.reporters.JUnitReportReporter -->
<testsuite hostname="DESKTOP-5JNDLAG" failures="0" tests="1" name="api_test.UploadFile" time="2.212" errors="0" timestamp="2025-01-09T13:54:26 IST" skipped="0">
  <testcase classname="api_test.UploadFile" name="validUploadFile" time="2.212"/>
</testsuite> <!-- api_test.UploadFile -->
