<?xml version="1.0" encoding="UTF-8"?>
<!-- Generated by org.testng.reporters.JUnitReportReporter -->
<testsuite hostname="DESKTOP-5JNDLAG" failures="0" tests="3" name="api_test.CreatePet" time="4.013" errors="0" timestamp="2025-01-09T13:54:26 IST" skipped="0">
  <testcase classname="api_test.CreatePet" name="add_pet" time="1.763"/>
  <testcase classname="api_test.CreatePet" name="add_pet_InvalidID" time="1.147"/>
  <testcase classname="api_test.CreatePet" name="add_pet_InvalidPhotoURL" time="1.103"/>
</testsuite> <!-- api_test.CreatePet -->
