<?xml version="1.0" encoding="UTF-8"?>
<!-- Generated by org.testng.reporters.JUnitReportReporter -->
<testsuite hostname="DESKTOP-5JNDLAG" failures="0" tests="2" name="api_test.DeletePet" time="3.413" errors="0" timestamp="2025-01-13T15:58:16 IST" skipped="0">
  <testcase classname="api_test.DeletePet" name="deletePet" time="2.283"/>
  <testcase classname="api_test.DeletePet" name="PetNotFound" time="1.130"/>
</testsuite> <!-- api_test.DeletePet -->
