<?xml version="1.0" encoding="UTF-8"?>
<!-- Generated by org.testng.reporters.JUnitReportReporter -->
<testsuite hostname="DESKTOP-5JNDLAG" failures="0" tests="3" name="api_test.CreatePet" time="6.318" errors="0" timestamp="2025-01-07T16:10:42 IST" skipped="0">
  <testcase classname="api_test.CreatePet" name="add_pet" time="3.256"/>
  <testcase classname="api_test.CreatePet" name="add_pet_InvalidID" time="1.863"/>
  <testcase classname="api_test.CreatePet" name="add_pet_InvalidPhotoURL" time="1.199"/>
</testsuite> <!-- api_test.CreatePet -->
