<?xml version="1.0" encoding="UTF-8"?>
<!-- Generated by org.testng.reporters.JUnitReportReporter -->
<testsuite hostname="DESKTOP-5JNDLAG" failures="0" tests="3" name="api_test.PetTest" time="6.342" errors="0" timestamp="2025-01-06T16:03:31 IST" skipped="0">
  <testcase classname="api_test.PetTest" name="find_pet_by_id_also_validate_statusCode" time="2.798"/>
  <testcase classname="api_test.PetTest" name="find_pet_by_id_ando_validate_jsonResponse" time="2.055"/>
  <testcase classname="api_test.PetTest" name="find_pet_by_id_and_validate_jsonSchema" time="1.489"/>
</testsuite> <!-- api_test.PetTest -->
