<?xml version="1.0" encoding="UTF-8"?>
<!-- Generated by org.testng.reporters.JUnitReportReporter -->
<testsuite hostname="DESKTOP-5JNDLAG" failures="0" tests="1" name="api_test.DeletePet" time="1.183" errors="0" timestamp="2025-01-10T18:42:46 IST" skipped="0">
  <testcase classname="api_test.DeletePet" name="deletePet" time="1.183"/>
</testsuite> <!-- api_test.DeletePet -->
